
> robert-frontend@0.0.0 dev
> vite --host


  VITE v5.4.21  ready in 297 ms

  ➜  Local:   http://localhost:5173/
  ➜  Network: http://192.168.40.58:5173/
11:55:56 [vite] hmr update /src/components/PresentationPage.jsx, /src/index.css
11:56:29 [vite] hmr update /src/components/PresentationPage.jsx, /src/index.css
11:58:06 [vite] page reload index.html
11:58:16 [vite] page reload index.html
12:04:14 [vite] hmr update /src/components/PresentationPage.jsx, /src/index.css
12:04:14 [vite] Internal server error: /home/lebadura/Documentos/GitHub/larksync-web/proyecto-cortex-grupo-1/frontend/src/components/PresentationPage.jsx: Adjacent JSX elements must be wrapped in an enclosing tag. Did you want a JSX fragment <>...</>? (583:4)

  581 |       )}
  582 |       </div>
> 583 |     </div>
      |     ^
  584 |   )
  585 | }
  586 |
  Plugin: vite:react-babel
  File: /home/lebadura/Documentos/GitHub/larksync-web/proyecto-cortex-grupo-1/frontend/src/components/PresentationPage.jsx:583:4
  581|        )}
  582|        </div>
  583|      </div>
     |      ^
  584|    )
  585|  }
      at constructor (/home/lebadura/Documentos/GitHub/larksync-web/proyecto-cortex-grupo-1/frontend/node_modules/@babel/parser/lib/index.js:365:19)
      at JSXParserMixin.raise (/home/lebadura/Documentos/GitHub/larksync-web/proyecto-cortex-grupo-1/frontend/node_modules/@babel/parser/lib/index.js:6599:19)
      at JSXParserMixin.jsxParseElementAt (/home/lebadura/Documentos/GitHub/larksync-web/proyecto-cortex-grupo-1/frontend/node_modules/@babel/parser/lib/index.js:4742:18)
      at JSXParserMixin.jsxParseElement (/home/lebadura/Documentos/GitHub/larksync-web/proyecto-cortex-grupo-1/frontend/node_modules/@babel/parser/lib/index.js:4749:17)
      at JSXParserMixin.parseExprAtom (/home/lebadura/Documentos/GitHub/larksync-web/proyecto-cortex-grupo-1/frontend/node_modules/@babel/parser/lib/index.js:4759:19)
      at JSXParserMixin.parseExprSubscripts (/home/lebadura/Documentos/GitHub/larksync-web/proyecto-cortex-grupo-1/frontend/node_modules/@babel/parser/lib/index.js:11081:23)
      at JSXParserMixin.parseUpdate (/home/lebadura/Documentos/GitHub/larksync-web/proyecto-cortex-grupo-1/frontend/node_modules/@babel/parser/lib/index.js:11066:21)
      at JSXParserMixin.parseMaybeUnary (/home/lebadura/Documentos/GitHub/larksync-web/proyecto-cortex-grupo-1/frontend/node_modules/@babel/parser/lib/index.js:11046:23)
      at JSXParserMixin.parseMaybeUnaryOrPrivate (/home/lebadura/Documentos/GitHub/larksync-web/proyecto-cortex-grupo-1/frontend/node_modules/@babel/parser/lib/index.js:10899:61)
      at JSXParserMixin.parseExprOps (/home/lebadura/Documentos/GitHub/larksync-web/proyecto-cortex-grupo-1/frontend/node_modules/@babel/parser/lib/index.js:10904:23)
      at JSXParserMixin.parseMaybeConditional (/home/lebadura/Documentos/GitHub/larksync-web/proyecto-cortex-grupo-1/frontend/node_modules/@babel/parser/lib/index.js:10881:23)
      at JSXParserMixin.parseMaybeAssign (/home/lebadura/Documentos/GitHub/larksync-web/proyecto-cortex-grupo-1/frontend/node_modules/@babel/parser/lib/index.js:10831:21)
      at /home/lebadura/Documentos/GitHub/larksync-web/proyecto-cortex-grupo-1/frontend/node_modules/@babel/parser/lib/index.js:10800:39
      at JSXParserMixin.allowInAnd (/home/lebadura/Documentos/GitHub/larksync-web/proyecto-cortex-grupo-1/frontend/node_modules/@babel/parser/lib/index.js:12426:12)
      at JSXParserMixin.parseMaybeAssignAllowIn (/home/lebadura/Documentos/GitHub/larksync-web/proyecto-cortex-grupo-1/frontend/node_modules/@babel/parser/lib/index.js:10800:17)
      at JSXParserMixin.parseMaybeAssignAllowInOrVoidPattern (/home/lebadura/Documentos/GitHub/larksync-web/proyecto-cortex-grupo-1/frontend/node_modules/@babel/parser/lib/index.js:12493:17)
      at JSXParserMixin.parseParenAndDistinguishExpression (/home/lebadura/Documentos/GitHub/larksync-web/proyecto-cortex-grupo-1/frontend/node_modules/@babel/parser/lib/index.js:11675:28)
      at JSXParserMixin.parseExprAtom (/home/lebadura/Documentos/GitHub/larksync-web/proyecto-cortex-grupo-1/frontend/node_modules/@babel/parser/lib/index.js:11331:23)
      at JSXParserMixin.parseExprAtom (/home/lebadura/Documentos/GitHub/larksync-web/proyecto-cortex-grupo-1/frontend/node_modules/@babel/parser/lib/index.js:4764:20)
      at JSXParserMixin.parseExprSubscripts (/home/lebadura/Documentos/GitHub/larksync-web/proyecto-cortex-grupo-1/frontend/node_modules/@babel/parser/lib/index.js:11081:23)
      at JSXParserMixin.parseUpdate (/home/lebadura/Documentos/GitHub/larksync-web/proyecto-cortex-grupo-1/frontend/node_modules/@babel/parser/lib/index.js:11066:21)
      at JSXParserMixin.parseMaybeUnary (/home/lebadura/Documentos/GitHub/larksync-web/proyecto-cortex-grupo-1/frontend/node_modules/@babel/parser/lib/index.js:11046:23)
      at JSXParserMixin.parseMaybeUnaryOrPrivate (/home/lebadura/Documentos/GitHub/larksync-web/proyecto-cortex-grupo-1/frontend/node_modules/@babel/parser/lib/index.js:10899:61)
      at JSXParserMixin.parseExprOps (/home/lebadura/Documentos/GitHub/larksync-web/proyecto-cortex-grupo-1/frontend/node_modules/@babel/parser/lib/index.js:10904:23)
      at JSXParserMixin.parseMaybeConditional (/home/lebadura/Documentos/GitHub/larksync-web/proyecto-cortex-grupo-1/frontend/node_modules/@babel/parser/lib/index.js:10881:23)
      at JSXParserMixin.parseMaybeAssign (/home/lebadura/Documentos/GitHub/larksync-web/proyecto-cortex-grupo-1/frontend/node_modules/@babel/parser/lib/index.js:10831:21)
      at JSXParserMixin.parseExpressionBase (/home/lebadura/Documentos/GitHub/larksync-web/proyecto-cortex-grupo-1/frontend/node_modules/@babel/parser/lib/index.js:10784:23)
      at /home/lebadura/Documentos/GitHub/larksync-web/proyecto-cortex-grupo-1/frontend/node_modules/@babel/parser/lib/index.js:10780:39
      at JSXParserMixin.allowInAnd (/home/lebadura/Documentos/GitHub/larksync-web/proyecto-cortex-grupo-1/frontend/node_modules/@babel/parser/lib/index.js:12421:16)
      at JSXParserMixin.parseExpression (/home/lebadura/Documentos/GitHub/larksync-web/proyecto-cortex-grupo-1/frontend/node_modules/@babel/parser/lib/index.js:10780:17)
      at JSXParserMixin.parseReturnStatement (/home/lebadura/Documentos/GitHub/larksync-web/proyecto-cortex-grupo-1/frontend/node_modules/@babel/parser/lib/index.js:13142:28)
      at JSXParserMixin.parseStatementContent (/home/lebadura/Documentos/GitHub/larksync-web/proyecto-cortex-grupo-1/frontend/node_modules/@babel/parser/lib/index.js:12798:21)
      at JSXParserMixin.parseStatementLike (/home/lebadura/Documentos/GitHub/larksync-web/proyecto-cortex-grupo-1/frontend/node_modules/@babel/parser/lib/index.js:12767:17)
      at JSXParserMixin.parseStatementListItem (/home/lebadura/Documentos/GitHub/larksync-web/proyecto-cortex-grupo-1/frontend/node_modules/@babel/parser/lib/index.js:12747:17)
      at JSXParserMixin.parseBlockOrModuleBlockBody (/home/lebadura/Documentos/GitHub/larksync-web/proyecto-cortex-grupo-1/frontend/node_modules/@babel/parser/lib/index.js:13316:61)
      at JSXParserMixin.parseBlockBody (/home/lebadura/Documentos/GitHub/larksync-web/proyecto-cortex-grupo-1/frontend/node_modules/@babel/parser/lib/index.js:13309:10)
      at JSXParserMixin.parseBlock (/home/lebadura/Documentos/GitHub/larksync-web/proyecto-cortex-grupo-1/frontend/node_modules/@babel/parser/lib/index.js:13297:10)
      at JSXParserMixin.parseFunctionBody (/home/lebadura/Documentos/GitHub/larksync-web/proyecto-cortex-grupo-1/frontend/node_modules/@babel/parser/lib/index.js:12100:24)
      at JSXParserMixin.parseFunctionBodyAndFinish (/home/lebadura/Documentos/GitHub/larksync-web/proyecto-cortex-grupo-1/frontend/node_modules/@babel/parser/lib/index.js:12086:10)
      at /home/lebadura/Documentos/GitHub/larksync-web/proyecto-cortex-grupo-1/frontend/node_modules/@babel/parser/lib/index.js:13445:12
      at JSXParserMixin.withSmartMixTopicForbiddingContext (/home/lebadura/Documentos/GitHub/larksync-web/proyecto-cortex-grupo-1/frontend/node_modules/@babel/parser/lib/index.js:12403:14)
      at JSXParserMixin.parseFunction (/home/lebadura/Documentos/GitHub/larksync-web/proyecto-cortex-grupo-1/frontend/node_modules/@babel/parser/lib/index.js:13444:10)
      at JSXParserMixin.parseFunctionStatement (/home/lebadura/Documentos/GitHub/larksync-web/proyecto-cortex-grupo-1/frontend/node_modules/@babel/parser/lib/index.js:13125:17)
      at JSXParserMixin.parseStatementContent (/home/lebadura/Documentos/GitHub/larksync-web/proyecto-cortex-grupo-1/frontend/node_modules/@babel/parser/lib/index.js:12791:21)
      at JSXParserMixin.parseStatementLike (/home/lebadura/Documentos/GitHub/larksync-web/proyecto-cortex-grupo-1/frontend/node_modules/@babel/parser/lib/index.js:12767:17)
      at JSXParserMixin.parseModuleItem (/home/lebadura/Documentos/GitHub/larksync-web/proyecto-cortex-grupo-1/frontend/node_modules/@babel/parser/lib/index.js:12744:17)
      at JSXParserMixin.parseBlockOrModuleBlockBody (/home/lebadura/Documentos/GitHub/larksync-web/proyecto-cortex-grupo-1/frontend/node_modules/@babel/parser/lib/index.js:13316:36)
      at JSXParserMixin.parseBlockBody (/home/lebadura/Documentos/GitHub/larksync-web/proyecto-cortex-grupo-1/frontend/node_modules/@babel/parser/lib/index.js:13309:10)
      at JSXParserMixin.parseProgram (/home/lebadura/Documentos/GitHub/larksync-web/proyecto-cortex-grupo-1/frontend/node_modules/@babel/parser/lib/index.js:12622:10)
      at JSXParserMixin.parseTopLevel (/home/lebadura/Documentos/GitHub/larksync-web/proyecto-cortex-grupo-1/frontend/node_modules/@babel/parser/lib/index.js:12612:25)
12:04:40 [vite] hmr update /src/components/PresentationPage.jsx, /src/index.css
12:04:40 [vite] Internal server error: /home/lebadura/Documentos/GitHub/larksync-web/proyecto-cortex-grupo-1/frontend/src/components/PresentationPage.jsx: Adjacent JSX elements must be wrapped in an enclosing tag. Did you want a JSX fragment <>...</>? (583:4)

  581 |       )}
  582 |       </div>
> 583 |     </div>
      |     ^
  584 |   )
  585 | }
  586 |
  Plugin: vite:react-babel
  File: /home/lebadura/Documentos/GitHub/larksync-web/proyecto-cortex-grupo-1/frontend/src/components/PresentationPage.jsx:583:4
  581|        )}
  582|        </div>
  583|      </div>
     |      ^
  584|    )
  585|  }
      at constructor (/home/lebadura/Documentos/GitHub/larksync-web/proyecto-cortex-grupo-1/frontend/node_modules/@babel/parser/lib/index.js:365:19)
      at JSXParserMixin.raise (/home/lebadura/Documentos/GitHub/larksync-web/proyecto-cortex-grupo-1/frontend/node_modules/@babel/parser/lib/index.js:6599:19)
      at JSXParserMixin.jsxParseElementAt (/home/lebadura/Documentos/GitHub/larksync-web/proyecto-cortex-grupo-1/frontend/node_modules/@babel/parser/lib/index.js:4742:18)
      at JSXParserMixin.jsxParseElement (/home/lebadura/Documentos/GitHub/larksync-web/proyecto-cortex-grupo-1/frontend/node_modules/@babel/parser/lib/index.js:4749:17)
      at JSXParserMixin.parseExprAtom (/home/lebadura/Documentos/GitHub/larksync-web/proyecto-cortex-grupo-1/frontend/node_modules/@babel/parser/lib/index.js:4759:19)
      at JSXParserMixin.parseExprSubscripts (/home/lebadura/Documentos/GitHub/larksync-web/proyecto-cortex-grupo-1/frontend/node_modules/@babel/parser/lib/index.js:11081:23)
      at JSXParserMixin.parseUpdate (/home/lebadura/Documentos/GitHub/larksync-web/proyecto-cortex-grupo-1/frontend/node_modules/@babel/parser/lib/index.js:11066:21)
      at JSXParserMixin.parseMaybeUnary (/home/lebadura/Documentos/GitHub/larksync-web/proyecto-cortex-grupo-1/frontend/node_modules/@babel/parser/lib/index.js:11046:23)
      at JSXParserMixin.parseMaybeUnaryOrPrivate (/home/lebadura/Documentos/GitHub/larksync-web/proyecto-cortex-grupo-1/frontend/node_modules/@babel/parser/lib/index.js:10899:61)
      at JSXParserMixin.parseExprOps (/home/lebadura/Documentos/GitHub/larksync-web/proyecto-cortex-grupo-1/frontend/node_modules/@babel/parser/lib/index.js:10904:23)
      at JSXParserMixin.parseMaybeConditional (/home/lebadura/Documentos/GitHub/larksync-web/proyecto-cortex-grupo-1/frontend/node_modules/@babel/parser/lib/index.js:10881:23)
      at JSXParserMixin.parseMaybeAssign (/home/lebadura/Documentos/GitHub/larksync-web/proyecto-cortex-grupo-1/frontend/node_modules/@babel/parser/lib/index.js:10831:21)
      at /home/lebadura/Documentos/GitHub/larksync-web/proyecto-cortex-grupo-1/frontend/node_modules/@babel/parser/lib/index.js:10800:39
      at JSXParserMixin.allowInAnd (/home/lebadura/Documentos/GitHub/larksync-web/proyecto-cortex-grupo-1/frontend/node_modules/@babel/parser/lib/index.js:12426:12)
      at JSXParserMixin.parseMaybeAssignAllowIn (/home/lebadura/Documentos/GitHub/larksync-web/proyecto-cortex-grupo-1/frontend/node_modules/@babel/parser/lib/index.js:10800:17)
      at JSXParserMixin.parseMaybeAssignAllowInOrVoidPattern (/home/lebadura/Documentos/GitHub/larksync-web/proyecto-cortex-grupo-1/frontend/node_modules/@babel/parser/lib/index.js:12493:17)
      at JSXParserMixin.parseParenAndDistinguishExpression (/home/lebadura/Documentos/GitHub/larksync-web/proyecto-cortex-grupo-1/frontend/node_modules/@babel/parser/lib/index.js:11675:28)
      at JSXParserMixin.parseExprAtom (/home/lebadura/Documentos/GitHub/larksync-web/proyecto-cortex-grupo-1/frontend/node_modules/@babel/parser/lib/index.js:11331:23)
      at JSXParserMixin.parseExprAtom (/home/lebadura/Documentos/GitHub/larksync-web/proyecto-cortex-grupo-1/frontend/node_modules/@babel/parser/lib/index.js:4764:20)
      at JSXParserMixin.parseExprSubscripts (/home/lebadura/Documentos/GitHub/larksync-web/proyecto-cortex-grupo-1/frontend/node_modules/@babel/parser/lib/index.js:11081:23)
      at JSXParserMixin.parseUpdate (/home/lebadura/Documentos/GitHub/larksync-web/proyecto-cortex-grupo-1/frontend/node_modules/@babel/parser/lib/index.js:11066:21)
      at JSXParserMixin.parseMaybeUnary (/home/lebadura/Documentos/GitHub/larksync-web/proyecto-cortex-grupo-1/frontend/node_modules/@babel/parser/lib/index.js:11046:23)
      at JSXParserMixin.parseMaybeUnaryOrPrivate (/home/lebadura/Documentos/GitHub/larksync-web/proyecto-cortex-grupo-1/frontend/node_modules/@babel/parser/lib/index.js:10899:61)
      at JSXParserMixin.parseExprOps (/home/lebadura/Documentos/GitHub/larksync-web/proyecto-cortex-grupo-1/frontend/node_modules/@babel/parser/lib/index.js:10904:23)
      at JSXParserMixin.parseMaybeConditional (/home/lebadura/Documentos/GitHub/larksync-web/proyecto-cortex-grupo-1/frontend/node_modules/@babel/parser/lib/index.js:10881:23)
      at JSXParserMixin.parseMaybeAssign (/home/lebadura/Documentos/GitHub/larksync-web/proyecto-cortex-grupo-1/frontend/node_modules/@babel/parser/lib/index.js:10831:21)
      at JSXParserMixin.parseExpressionBase (/home/lebadura/Documentos/GitHub/larksync-web/proyecto-cortex-grupo-1/frontend/node_modules/@babel/parser/lib/index.js:10784:23)
      at /home/lebadura/Documentos/GitHub/larksync-web/proyecto-cortex-grupo-1/frontend/node_modules/@babel/parser/lib/index.js:10780:39
      at JSXParserMixin.allowInAnd (/home/lebadura/Documentos/GitHub/larksync-web/proyecto-cortex-grupo-1/frontend/node_modules/@babel/parser/lib/index.js:12421:16)
      at JSXParserMixin.parseExpression (/home/lebadura/Documentos/GitHub/larksync-web/proyecto-cortex-grupo-1/frontend/node_modules/@babel/parser/lib/index.js:10780:17)
      at JSXParserMixin.parseReturnStatement (/home/lebadura/Documentos/GitHub/larksync-web/proyecto-cortex-grupo-1/frontend/node_modules/@babel/parser/lib/index.js:13142:28)
      at JSXParserMixin.parseStatementContent (/home/lebadura/Documentos/GitHub/larksync-web/proyecto-cortex-grupo-1/frontend/node_modules/@babel/parser/lib/index.js:12798:21)
      at JSXParserMixin.parseStatementLike (/home/lebadura/Documentos/GitHub/larksync-web/proyecto-cortex-grupo-1/frontend/node_modules/@babel/parser/lib/index.js:12767:17)
      at JSXParserMixin.parseStatementListItem (/home/lebadura/Documentos/GitHub/larksync-web/proyecto-cortex-grupo-1/frontend/node_modules/@babel/parser/lib/index.js:12747:17)
      at JSXParserMixin.parseBlockOrModuleBlockBody (/home/lebadura/Documentos/GitHub/larksync-web/proyecto-cortex-grupo-1/frontend/node_modules/@babel/parser/lib/index.js:13316:61)
      at JSXParserMixin.parseBlockBody (/home/lebadura/Documentos/GitHub/larksync-web/proyecto-cortex-grupo-1/frontend/node_modules/@babel/parser/lib/index.js:13309:10)
      at JSXParserMixin.parseBlock (/home/lebadura/Documentos/GitHub/larksync-web/proyecto-cortex-grupo-1/frontend/node_modules/@babel/parser/lib/index.js:13297:10)
      at JSXParserMixin.parseFunctionBody (/home/lebadura/Documentos/GitHub/larksync-web/proyecto-cortex-grupo-1/frontend/node_modules/@babel/parser/lib/index.js:12100:24)
      at JSXParserMixin.parseFunctionBodyAndFinish (/home/lebadura/Documentos/GitHub/larksync-web/proyecto-cortex-grupo-1/frontend/node_modules/@babel/parser/lib/index.js:12086:10)
      at /home/lebadura/Documentos/GitHub/larksync-web/proyecto-cortex-grupo-1/frontend/node_modules/@babel/parser/lib/index.js:13445:12
      at JSXParserMixin.withSmartMixTopicForbiddingContext (/home/lebadura/Documentos/GitHub/larksync-web/proyecto-cortex-grupo-1/frontend/node_modules/@babel/parser/lib/index.js:12403:14)
      at JSXParserMixin.parseFunction (/home/lebadura/Documentos/GitHub/larksync-web/proyecto-cortex-grupo-1/frontend/node_modules/@babel/parser/lib/index.js:13444:10)
      at JSXParserMixin.parseFunctionStatement (/home/lebadura/Documentos/GitHub/larksync-web/proyecto-cortex-grupo-1/frontend/node_modules/@babel/parser/lib/index.js:13125:17)
      at JSXParserMixin.parseStatementContent (/home/lebadura/Documentos/GitHub/larksync-web/proyecto-cortex-grupo-1/frontend/node_modules/@babel/parser/lib/index.js:12791:21)
      at JSXParserMixin.parseStatementLike (/home/lebadura/Documentos/GitHub/larksync-web/proyecto-cortex-grupo-1/frontend/node_modules/@babel/parser/lib/index.js:12767:17)
      at JSXParserMixin.parseModuleItem (/home/lebadura/Documentos/GitHub/larksync-web/proyecto-cortex-grupo-1/frontend/node_modules/@babel/parser/lib/index.js:12744:17)
      at JSXParserMixin.parseBlockOrModuleBlockBody (/home/lebadura/Documentos/GitHub/larksync-web/proyecto-cortex-grupo-1/frontend/node_modules/@babel/parser/lib/index.js:13316:36)
      at JSXParserMixin.parseBlockBody (/home/lebadura/Documentos/GitHub/larksync-web/proyecto-cortex-grupo-1/frontend/node_modules/@babel/parser/lib/index.js:13309:10)
      at JSXParserMixin.parseProgram (/home/lebadura/Documentos/GitHub/larksync-web/proyecto-cortex-grupo-1/frontend/node_modules/@babel/parser/lib/index.js:12622:10)
      at JSXParserMixin.parseTopLevel (/home/lebadura/Documentos/GitHub/larksync-web/proyecto-cortex-grupo-1/frontend/node_modules/@babel/parser/lib/index.js:12612:25)
12:04:44 [vite] Pre-transform error: /home/lebadura/Documentos/GitHub/larksync-web/proyecto-cortex-grupo-1/frontend/src/components/PresentationPage.jsx: Adjacent JSX elements must be wrapped in an enclosing tag. Did you want a JSX fragment <>...</>? (583:4)

  581 |       )}
  582 |       </div>
> 583 |     </div>
      |     ^
  584 |   )
  585 | }
  586 |
12:04:44 [vite] Internal server error: /home/lebadura/Documentos/GitHub/larksync-web/proyecto-cortex-grupo-1/frontend/src/components/PresentationPage.jsx: Adjacent JSX elements must be wrapped in an enclosing tag. Did you want a JSX fragment <>...</>? (583:4)

  581 |       )}
  582 |       </div>
> 583 |     </div>
      |     ^
  584 |   )
  585 | }
  586 |
  Plugin: vite:react-babel
  File: /home/lebadura/Documentos/GitHub/larksync-web/proyecto-cortex-grupo-1/frontend/src/components/PresentationPage.jsx:583:4
  581|        )}
  582|        </div>
  583|      </div>
     |      ^
  584|    )
  585|  }
      at constructor (/home/lebadura/Documentos/GitHub/larksync-web/proyecto-cortex-grupo-1/frontend/node_modules/@babel/parser/lib/index.js:365:19)
      at JSXParserMixin.raise (/home/lebadura/Documentos/GitHub/larksync-web/proyecto-cortex-grupo-1/frontend/node_modules/@babel/parser/lib/index.js:6599:19)
      at JSXParserMixin.jsxParseElementAt (/home/lebadura/Documentos/GitHub/larksync-web/proyecto-cortex-grupo-1/frontend/node_modules/@babel/parser/lib/index.js:4742:18)
      at JSXParserMixin.jsxParseElement (/home/lebadura/Documentos/GitHub/larksync-web/proyecto-cortex-grupo-1/frontend/node_modules/@babel/parser/lib/index.js:4749:17)
      at JSXParserMixin.parseExprAtom (/home/lebadura/Documentos/GitHub/larksync-web/proyecto-cortex-grupo-1/frontend/node_modules/@babel/parser/lib/index.js:4759:19)
      at JSXParserMixin.parseExprSubscripts (/home/lebadura/Documentos/GitHub/larksync-web/proyecto-cortex-grupo-1/frontend/node_modules/@babel/parser/lib/index.js:11081:23)
      at JSXParserMixin.parseUpdate (/home/lebadura/Documentos/GitHub/larksync-web/proyecto-cortex-grupo-1/frontend/node_modules/@babel/parser/lib/index.js:11066:21)
      at JSXParserMixin.parseMaybeUnary (/home/lebadura/Documentos/GitHub/larksync-web/proyecto-cortex-grupo-1/frontend/node_modules/@babel/parser/lib/index.js:11046:23)
      at JSXParserMixin.parseMaybeUnaryOrPrivate (/home/lebadura/Documentos/GitHub/larksync-web/proyecto-cortex-grupo-1/frontend/node_modules/@babel/parser/lib/index.js:10899:61)
      at JSXParserMixin.parseExprOps (/home/lebadura/Documentos/GitHub/larksync-web/proyecto-cortex-grupo-1/frontend/node_modules/@babel/parser/lib/index.js:10904:23)
      at JSXParserMixin.parseMaybeConditional (/home/lebadura/Documentos/GitHub/larksync-web/proyecto-cortex-grupo-1/frontend/node_modules/@babel/parser/lib/index.js:10881:23)
      at JSXParserMixin.parseMaybeAssign (/home/lebadura/Documentos/GitHub/larksync-web/proyecto-cortex-grupo-1/frontend/node_modules/@babel/parser/lib/index.js:10831:21)
      at /home/lebadura/Documentos/GitHub/larksync-web/proyecto-cortex-grupo-1/frontend/node_modules/@babel/parser/lib/index.js:10800:39
      at JSXParserMixin.allowInAnd (/home/lebadura/Documentos/GitHub/larksync-web/proyecto-cortex-grupo-1/frontend/node_modules/@babel/parser/lib/index.js:12426:12)
      at JSXParserMixin.parseMaybeAssignAllowIn (/home/lebadura/Documentos/GitHub/larksync-web/proyecto-cortex-grupo-1/frontend/node_modules/@babel/parser/lib/index.js:10800:17)
      at JSXParserMixin.parseMaybeAssignAllowInOrVoidPattern (/home/lebadura/Documentos/GitHub/larksync-web/proyecto-cortex-grupo-1/frontend/node_modules/@babel/parser/lib/index.js:12493:17)
      at JSXParserMixin.parseParenAndDistinguishExpression (/home/lebadura/Documentos/GitHub/larksync-web/proyecto-cortex-grupo-1/frontend/node_modules/@babel/parser/lib/index.js:11675:28)
      at JSXParserMixin.parseExprAtom (/home/lebadura/Documentos/GitHub/larksync-web/proyecto-cortex-grupo-1/frontend/node_modules/@babel/parser/lib/index.js:11331:23)
      at JSXParserMixin.parseExprAtom (/home/lebadura/Documentos/GitHub/larksync-web/proyecto-cortex-grupo-1/frontend/node_modules/@babel/parser/lib/index.js:4764:20)
      at JSXParserMixin.parseExprSubscripts (/home/lebadura/Documentos/GitHub/larksync-web/proyecto-cortex-grupo-1/frontend/node_modules/@babel/parser/lib/index.js:11081:23)
      at JSXParserMixin.parseUpdate (/home/lebadura/Documentos/GitHub/larksync-web/proyecto-cortex-grupo-1/frontend/node_modules/@babel/parser/lib/index.js:11066:21)
      at JSXParserMixin.parseMaybeUnary (/home/lebadura/Documentos/GitHub/larksync-web/proyecto-cortex-grupo-1/frontend/node_modules/@babel/parser/lib/index.js:11046:23)
      at JSXParserMixin.parseMaybeUnaryOrPrivate (/home/lebadura/Documentos/GitHub/larksync-web/proyecto-cortex-grupo-1/frontend/node_modules/@babel/parser/lib/index.js:10899:61)
      at JSXParserMixin.parseExprOps (/home/lebadura/Documentos/GitHub/larksync-web/proyecto-cortex-grupo-1/frontend/node_modules/@babel/parser/lib/index.js:10904:23)
      at JSXParserMixin.parseMaybeConditional (/home/lebadura/Documentos/GitHub/larksync-web/proyecto-cortex-grupo-1/frontend/node_modules/@babel/parser/lib/index.js:10881:23)
      at JSXParserMixin.parseMaybeAssign (/home/lebadura/Documentos/GitHub/larksync-web/proyecto-cortex-grupo-1/frontend/node_modules/@babel/parser/lib/index.js:10831:21)
      at JSXParserMixin.parseExpressionBase (/home/lebadura/Documentos/GitHub/larksync-web/proyecto-cortex-grupo-1/frontend/node_modules/@babel/parser/lib/index.js:10784:23)
      at /home/lebadura/Documentos/GitHub/larksync-web/proyecto-cortex-grupo-1/frontend/node_modules/@babel/parser/lib/index.js:10780:39
      at JSXParserMixin.allowInAnd (/home/lebadura/Documentos/GitHub/larksync-web/proyecto-cortex-grupo-1/frontend/node_modules/@babel/parser/lib/index.js:12421:16)
      at JSXParserMixin.parseExpression (/home/lebadura/Documentos/GitHub/larksync-web/proyecto-cortex-grupo-1/frontend/node_modules/@babel/parser/lib/index.js:10780:17)
      at JSXParserMixin.parseReturnStatement (/home/lebadura/Documentos/GitHub/larksync-web/proyecto-cortex-grupo-1/frontend/node_modules/@babel/parser/lib/index.js:13142:28)
      at JSXParserMixin.parseStatementContent (/home/lebadura/Documentos/GitHub/larksync-web/proyecto-cortex-grupo-1/frontend/node_modules/@babel/parser/lib/index.js:12798:21)
      at JSXParserMixin.parseStatementLike (/home/lebadura/Documentos/GitHub/larksync-web/proyecto-cortex-grupo-1/frontend/node_modules/@babel/parser/lib/index.js:12767:17)
      at JSXParserMixin.parseStatementListItem (/home/lebadura/Documentos/GitHub/larksync-web/proyecto-cortex-grupo-1/frontend/node_modules/@babel/parser/lib/index.js:12747:17)
      at JSXParserMixin.parseBlockOrModuleBlockBody (/home/lebadura/Documentos/GitHub/larksync-web/proyecto-cortex-grupo-1/frontend/node_modules/@babel/parser/lib/index.js:13316:61)
      at JSXParserMixin.parseBlockBody (/home/lebadura/Documentos/GitHub/larksync-web/proyecto-cortex-grupo-1/frontend/node_modules/@babel/parser/lib/index.js:13309:10)
      at JSXParserMixin.parseBlock (/home/lebadura/Documentos/GitHub/larksync-web/proyecto-cortex-grupo-1/frontend/node_modules/@babel/parser/lib/index.js:13297:10)
      at JSXParserMixin.parseFunctionBody (/home/lebadura/Documentos/GitHub/larksync-web/proyecto-cortex-grupo-1/frontend/node_modules/@babel/parser/lib/index.js:12100:24)
      at JSXParserMixin.parseFunctionBodyAndFinish (/home/lebadura/Documentos/GitHub/larksync-web/proyecto-cortex-grupo-1/frontend/node_modules/@babel/parser/lib/index.js:12086:10)
      at /home/lebadura/Documentos/GitHub/larksync-web/proyecto-cortex-grupo-1/frontend/node_modules/@babel/parser/lib/index.js:13445:12
      at JSXParserMixin.withSmartMixTopicForbiddingContext (/home/lebadura/Documentos/GitHub/larksync-web/proyecto-cortex-grupo-1/frontend/node_modules/@babel/parser/lib/index.js:12403:14)
      at JSXParserMixin.parseFunction (/home/lebadura/Documentos/GitHub/larksync-web/proyecto-cortex-grupo-1/frontend/node_modules/@babel/parser/lib/index.js:13444:10)
      at JSXParserMixin.parseFunctionStatement (/home/lebadura/Documentos/GitHub/larksync-web/proyecto-cortex-grupo-1/frontend/node_modules/@babel/parser/lib/index.js:13125:17)
      at JSXParserMixin.parseStatementContent (/home/lebadura/Documentos/GitHub/larksync-web/proyecto-cortex-grupo-1/frontend/node_modules/@babel/parser/lib/index.js:12791:21)
      at JSXParserMixin.parseStatementLike (/home/lebadura/Documentos/GitHub/larksync-web/proyecto-cortex-grupo-1/frontend/node_modules/@babel/parser/lib/index.js:12767:17)
      at JSXParserMixin.parseModuleItem (/home/lebadura/Documentos/GitHub/larksync-web/proyecto-cortex-grupo-1/frontend/node_modules/@babel/parser/lib/index.js:12744:17)
      at JSXParserMixin.parseBlockOrModuleBlockBody (/home/lebadura/Documentos/GitHub/larksync-web/proyecto-cortex-grupo-1/frontend/node_modules/@babel/parser/lib/index.js:13316:36)
      at JSXParserMixin.parseBlockBody (/home/lebadura/Documentos/GitHub/larksync-web/proyecto-cortex-grupo-1/frontend/node_modules/@babel/parser/lib/index.js:13309:10)
      at JSXParserMixin.parseProgram (/home/lebadura/Documentos/GitHub/larksync-web/proyecto-cortex-grupo-1/frontend/node_modules/@babel/parser/lib/index.js:12622:10)
      at JSXParserMixin.parseTopLevel (/home/lebadura/Documentos/GitHub/larksync-web/proyecto-cortex-grupo-1/frontend/node_modules/@babel/parser/lib/index.js:12612:25)
12:04:45 [vite] hmr update /src/components/PresentationPage.jsx, /src/index.css
12:04:46 [vite] warning: The character ">" is not valid inside a JSX element
204|                <p className="text-sm text-white font-semibold mt-1">{step}</p>
205|                {index < flowSteps.length - 1 &&
206|              <span className="hidden xl:block absolute -right-2 top-1/2 -translate-y-1/2 text-gray-500">-></span>
   |                                                                                                          ^
207|              }
208|              </div>

  Plugin: vite:esbuild
  File: /home/lebadura/Documentos/GitHub/larksync-web/proyecto-cortex-grupo-1/frontend/src/components/PresentationPage.jsx
12:05:19 [vite] hmr update /src/components/PresentationPage.jsx, /src/index.css
12:05:22 [vite] hmr update /src/components/PresentationPage.jsx, /src/index.css
12:11:41 [vite] hmr update /src/components/PresentationPage.jsx, /src/index.css
12:11:51 [vite] hmr update /src/components/PresentationPage.jsx, /src/index.css
12:11:59 [vite] hmr update /src/components/PresentationPage.jsx, /src/index.css
12:12:11 [vite] hmr update /src/components/PresentationPage.jsx, /src/index.css
12:12:17 [vite] hmr update /src/components/PresentationPage.jsx, /src/index.css
12:12:35 [vite] hmr update /src/components/PresentationPage.jsx, /src/index.css
12:12:42 [vite] hmr update /src/components/PresentationPage.jsx, /src/index.css
12:12:54 [vite] hmr update /src/App.jsx, /src/index.css
12:13:01 [vite] hmr update /src/index.css
12:14:01 [vite] hmr update /src/components/PresentationPage.jsx, /src/index.css
12:14:01 [vite] hmr update /src/App.jsx, /src/index.css
12:14:01 [vite] hmr update /src/index.css
12:16:55 [vite] hmr update /src/components/PresentationPage.jsx, /src/index.css
12:16:55 [vite] Internal server error: /home/lebadura/Documentos/GitHub/larksync-web/proyecto-cortex-grupo-1/frontend/src/components/PresentationPage.jsx: Adjacent JSX elements must be wrapped in an enclosing tag. Did you want a JSX fragment <>...</>? (336:6)

  334 |       </pre>
  335 |
> 336 |       <div className="mt-5 grid grid-cols-1 md:grid-cols-2 gap-4">
      |       ^
  337 |         <article className="rounded-2xl border border-white/10 bg-white/[0.02] p-4">
  338 |           <h4 className="text-sm font-bold text-white">Beneficio del Gatekeeper</h4>
  339 |           <p className="mt-2 text-sm text-gray-300">
  Plugin: vite:react-babel
  File: /home/lebadura/Documentos/GitHub/larksync-web/proyecto-cortex-grupo-1/frontend/src/components/PresentationPage.jsx:336:6
  334|        </pre>
  335|  
  336|        <div className="mt-5 grid grid-cols-1 md:grid-cols-2 gap-4">
     |        ^
  337|          <article className="rounded-2xl border border-white/10 bg-white/[0.02] p-4">
  338|            <h4 className="text-sm font-bold text-white">Beneficio del Gatekeeper</h4>
      at constructor (/home/lebadura/Documentos/GitHub/larksync-web/proyecto-cortex-grupo-1/frontend/node_modules/@babel/parser/lib/index.js:365:19)
      at JSXParserMixin.raise (/home/lebadura/Documentos/GitHub/larksync-web/proyecto-cortex-grupo-1/frontend/node_modules/@babel/parser/lib/index.js:6599:19)
      at JSXParserMixin.jsxParseElementAt (/home/lebadura/Documentos/GitHub/larksync-web/proyecto-cortex-grupo-1/frontend/node_modules/@babel/parser/lib/index.js:4742:18)
      at JSXParserMixin.jsxParseElement (/home/lebadura/Documentos/GitHub/larksync-web/proyecto-cortex-grupo-1/frontend/node_modules/@babel/parser/lib/index.js:4749:17)
      at JSXParserMixin.parseExprAtom (/home/lebadura/Documentos/GitHub/larksync-web/proyecto-cortex-grupo-1/frontend/node_modules/@babel/parser/lib/index.js:4762:19)
      at JSXParserMixin.parseExprSubscripts (/home/lebadura/Documentos/GitHub/larksync-web/proyecto-cortex-grupo-1/frontend/node_modules/@babel/parser/lib/index.js:11081:23)
      at JSXParserMixin.parseUpdate (/home/lebadura/Documentos/GitHub/larksync-web/proyecto-cortex-grupo-1/frontend/node_modules/@babel/parser/lib/index.js:11066:21)
      at JSXParserMixin.parseMaybeUnary (/home/lebadura/Documentos/GitHub/larksync-web/proyecto-cortex-grupo-1/frontend/node_modules/@babel/parser/lib/index.js:11046:23)
      at JSXParserMixin.parseMaybeUnaryOrPrivate (/home/lebadura/Documentos/GitHub/larksync-web/proyecto-cortex-grupo-1/frontend/node_modules/@babel/parser/lib/index.js:10899:61)
      at JSXParserMixin.parseExprOps (/home/lebadura/Documentos/GitHub/larksync-web/proyecto-cortex-grupo-1/frontend/node_modules/@babel/parser/lib/index.js:10904:23)
      at JSXParserMixin.parseMaybeConditional (/home/lebadura/Documentos/GitHub/larksync-web/proyecto-cortex-grupo-1/frontend/node_modules/@babel/parser/lib/index.js:10881:23)
      at JSXParserMixin.parseMaybeAssign (/home/lebadura/Documentos/GitHub/larksync-web/proyecto-cortex-grupo-1/frontend/node_modules/@babel/parser/lib/index.js:10831:21)
      at JSXParserMixin.parseExpressionBase (/home/lebadura/Documentos/GitHub/larksync-web/proyecto-cortex-grupo-1/frontend/node_modules/@babel/parser/lib/index.js:10784:23)
      at /home/lebadura/Documentos/GitHub/larksync-web/proyecto-cortex-grupo-1/frontend/node_modules/@babel/parser/lib/index.js:10780:39
      at JSXParserMixin.allowInAnd (/home/lebadura/Documentos/GitHub/larksync-web/proyecto-cortex-grupo-1/frontend/node_modules/@babel/parser/lib/index.js:12421:16)
      at JSXParserMixin.parseExpression (/home/lebadura/Documentos/GitHub/larksync-web/proyecto-cortex-grupo-1/frontend/node_modules/@babel/parser/lib/index.js:10780:17)
      at JSXParserMixin.parseStatementContent (/home/lebadura/Documentos/GitHub/larksync-web/proyecto-cortex-grupo-1/frontend/node_modules/@babel/parser/lib/index.js:12895:23)
      at JSXParserMixin.parseStatementLike (/home/lebadura/Documentos/GitHub/larksync-web/proyecto-cortex-grupo-1/frontend/node_modules/@babel/parser/lib/index.js:12767:17)
      at JSXParserMixin.parseModuleItem (/home/lebadura/Documentos/GitHub/larksync-web/proyecto-cortex-grupo-1/frontend/node_modules/@babel/parser/lib/index.js:12744:17)
      at JSXParserMixin.parseBlockOrModuleBlockBody (/home/lebadura/Documentos/GitHub/larksync-web/proyecto-cortex-grupo-1/frontend/node_modules/@babel/parser/lib/index.js:13316:36)
      at JSXParserMixin.parseBlockBody (/home/lebadura/Documentos/GitHub/larksync-web/proyecto-cortex-grupo-1/frontend/node_modules/@babel/parser/lib/index.js:13309:10)
      at JSXParserMixin.parseProgram (/home/lebadura/Documentos/GitHub/larksync-web/proyecto-cortex-grupo-1/frontend/node_modules/@babel/parser/lib/index.js:12622:10)
      at JSXParserMixin.parseTopLevel (/home/lebadura/Documentos/GitHub/larksync-web/proyecto-cortex-grupo-1/frontend/node_modules/@babel/parser/lib/index.js:12612:25)
      at JSXParserMixin.parse (/home/lebadura/Documentos/GitHub/larksync-web/proyecto-cortex-grupo-1/frontend/node_modules/@babel/parser/lib/index.js:14488:25)
      at parse (/home/lebadura/Documentos/GitHub/larksync-web/proyecto-cortex-grupo-1/frontend/node_modules/@babel/parser/lib/index.js:14522:38)
      at parser (/home/lebadura/Documentos/GitHub/larksync-web/proyecto-cortex-grupo-1/frontend/node_modules/@babel/core/lib/parser/index.js:41:34)
      at parser.next (<anonymous>)
      at normalizeFile (/home/lebadura/Documentos/GitHub/larksync-web/proyecto-cortex-grupo-1/frontend/node_modules/@babel/core/lib/transformation/normalize-file.js:64:37)
      at normalizeFile.next (<anonymous>)
      at run (/home/lebadura/Documentos/GitHub/larksync-web/proyecto-cortex-grupo-1/frontend/node_modules/@babel/core/lib/transformation/index.js:22:50)
      at run.next (<anonymous>)
      at transform (/home/lebadura/Documentos/GitHub/larksync-web/proyecto-cortex-grupo-1/frontend/node_modules/@babel/core/lib/transform.js:22:33)
      at transform.next (<anonymous>)
      at step (/home/lebadura/Documentos/GitHub/larksync-web/proyecto-cortex-grupo-1/frontend/node_modules/gensync/index.js:261:32)
      at /home/lebadura/Documentos/GitHub/larksync-web/proyecto-cortex-grupo-1/frontend/node_modules/gensync/index.js:273:13
      at async.call.result.err.err (/home/lebadura/Documentos/GitHub/larksync-web/proyecto-cortex-grupo-1/frontend/node_modules/gensync/index.js:223:11)
      at /home/lebadura/Documentos/GitHub/larksync-web/proyecto-cortex-grupo-1/frontend/node_modules/gensync/index.js:189:28
      at /home/lebadura/Documentos/GitHub/larksync-web/proyecto-cortex-grupo-1/frontend/node_modules/@babel/core/lib/gensync-utils/async.js:67:7
      at /home/lebadura/Documentos/GitHub/larksync-web/proyecto-cortex-grupo-1/frontend/node_modules/gensync/index.js:113:33
      at step (/home/lebadura/Documentos/GitHub/larksync-web/proyecto-cortex-grupo-1/frontend/node_modules/gensync/index.js:287:14)
      at /home/lebadura/Documentos/GitHub/larksync-web/proyecto-cortex-grupo-1/frontend/node_modules/gensync/index.js:273:13
      at async.call.result.err.err (/home/lebadura/Documentos/GitHub/larksync-web/proyecto-cortex-grupo-1/frontend/node_modules/gensync/index.js:223:11)
12:16:58 [vite] hmr update /src/components/PresentationPage.jsx, /src/index.css
12:16:58 [vite] Internal server error: /home/lebadura/Documentos/GitHub/larksync-web/proyecto-cortex-grupo-1/frontend/src/components/PresentationPage.jsx: Adjacent JSX elements must be wrapped in an enclosing tag. Did you want a JSX fragment <>...</>? (336:6)

  334 |       </pre>
  335 |
> 336 |       <div className="mt-5 grid grid-cols-1 md:grid-cols-2 gap-4">
      |       ^
  337 |         <article className="rounded-2xl border border-white/10 bg-white/[0.02] p-4">
  338 |           <h4 className="text-sm font-bold text-white">Beneficio del Gatekeeper</h4>
  339 |           <p className="mt-2 text-sm text-gray-300">
  Plugin: vite:react-babel
  File: /home/lebadura/Documentos/GitHub/larksync-web/proyecto-cortex-grupo-1/frontend/src/components/PresentationPage.jsx:336:6
  334|        </pre>
  335|  
  336|        <div className="mt-5 grid grid-cols-1 md:grid-cols-2 gap-4">
     |        ^
  337|          <article className="rounded-2xl border border-white/10 bg-white/[0.02] p-4">
  338|            <h4 className="text-sm font-bold text-white">Beneficio del Gatekeeper</h4>
      at constructor (/home/lebadura/Documentos/GitHub/larksync-web/proyecto-cortex-grupo-1/frontend/node_modules/@babel/parser/lib/index.js:365:19)
      at JSXParserMixin.raise (/home/lebadura/Documentos/GitHub/larksync-web/proyecto-cortex-grupo-1/frontend/node_modules/@babel/parser/lib/index.js:6599:19)
      at JSXParserMixin.jsxParseElementAt (/home/lebadura/Documentos/GitHub/larksync-web/proyecto-cortex-grupo-1/frontend/node_modules/@babel/parser/lib/index.js:4742:18)
      at JSXParserMixin.jsxParseElement (/home/lebadura/Documentos/GitHub/larksync-web/proyecto-cortex-grupo-1/frontend/node_modules/@babel/parser/lib/index.js:4749:17)
      at JSXParserMixin.parseExprAtom (/home/lebadura/Documentos/GitHub/larksync-web/proyecto-cortex-grupo-1/frontend/node_modules/@babel/parser/lib/index.js:4762:19)
      at JSXParserMixin.parseExprSubscripts (/home/lebadura/Documentos/GitHub/larksync-web/proyecto-cortex-grupo-1/frontend/node_modules/@babel/parser/lib/index.js:11081:23)
      at JSXParserMixin.parseUpdate (/home/lebadura/Documentos/GitHub/larksync-web/proyecto-cortex-grupo-1/frontend/node_modules/@babel/parser/lib/index.js:11066:21)
      at JSXParserMixin.parseMaybeUnary (/home/lebadura/Documentos/GitHub/larksync-web/proyecto-cortex-grupo-1/frontend/node_modules/@babel/parser/lib/index.js:11046:23)
      at JSXParserMixin.parseMaybeUnaryOrPrivate (/home/lebadura/Documentos/GitHub/larksync-web/proyecto-cortex-grupo-1/frontend/node_modules/@babel/parser/lib/index.js:10899:61)
      at JSXParserMixin.parseExprOps (/home/lebadura/Documentos/GitHub/larksync-web/proyecto-cortex-grupo-1/frontend/node_modules/@babel/parser/lib/index.js:10904:23)
      at JSXParserMixin.parseMaybeConditional (/home/lebadura/Documentos/GitHub/larksync-web/proyecto-cortex-grupo-1/frontend/node_modules/@babel/parser/lib/index.js:10881:23)
      at JSXParserMixin.parseMaybeAssign (/home/lebadura/Documentos/GitHub/larksync-web/proyecto-cortex-grupo-1/frontend/node_modules/@babel/parser/lib/index.js:10831:21)
      at JSXParserMixin.parseExpressionBase (/home/lebadura/Documentos/GitHub/larksync-web/proyecto-cortex-grupo-1/frontend/node_modules/@babel/parser/lib/index.js:10784:23)
      at /home/lebadura/Documentos/GitHub/larksync-web/proyecto-cortex-grupo-1/frontend/node_modules/@babel/parser/lib/index.js:10780:39
      at JSXParserMixin.allowInAnd (/home/lebadura/Documentos/GitHub/larksync-web/proyecto-cortex-grupo-1/frontend/node_modules/@babel/parser/lib/index.js:12421:16)
      at JSXParserMixin.parseExpression (/home/lebadura/Documentos/GitHub/larksync-web/proyecto-cortex-grupo-1/frontend/node_modules/@babel/parser/lib/index.js:10780:17)
      at JSXParserMixin.parseStatementContent (/home/lebadura/Documentos/GitHub/larksync-web/proyecto-cortex-grupo-1/frontend/node_modules/@babel/parser/lib/index.js:12895:23)
      at JSXParserMixin.parseStatementLike (/home/lebadura/Documentos/GitHub/larksync-web/proyecto-cortex-grupo-1/frontend/node_modules/@babel/parser/lib/index.js:12767:17)
      at JSXParserMixin.parseModuleItem (/home/lebadura/Documentos/GitHub/larksync-web/proyecto-cortex-grupo-1/frontend/node_modules/@babel/parser/lib/index.js:12744:17)
      at JSXParserMixin.parseBlockOrModuleBlockBody (/home/lebadura/Documentos/GitHub/larksync-web/proyecto-cortex-grupo-1/frontend/node_modules/@babel/parser/lib/index.js:13316:36)
      at JSXParserMixin.parseBlockBody (/home/lebadura/Documentos/GitHub/larksync-web/proyecto-cortex-grupo-1/frontend/node_modules/@babel/parser/lib/index.js:13309:10)
      at JSXParserMixin.parseProgram (/home/lebadura/Documentos/GitHub/larksync-web/proyecto-cortex-grupo-1/frontend/node_modules/@babel/parser/lib/index.js:12622:10)
      at JSXParserMixin.parseTopLevel (/home/lebadura/Documentos/GitHub/larksync-web/proyecto-cortex-grupo-1/frontend/node_modules/@babel/parser/lib/index.js:12612:25)
      at JSXParserMixin.parse (/home/lebadura/Documentos/GitHub/larksync-web/proyecto-cortex-grupo-1/frontend/node_modules/@babel/parser/lib/index.js:14488:25)
      at parse (/home/lebadura/Documentos/GitHub/larksync-web/proyecto-cortex-grupo-1/frontend/node_modules/@babel/parser/lib/index.js:14522:38)
      at parser (/home/lebadura/Documentos/GitHub/larksync-web/proyecto-cortex-grupo-1/frontend/node_modules/@babel/core/lib/parser/index.js:41:34)
      at parser.next (<anonymous>)
      at normalizeFile (/home/lebadura/Documentos/GitHub/larksync-web/proyecto-cortex-grupo-1/frontend/node_modules/@babel/core/lib/transformation/normalize-file.js:64:37)
      at normalizeFile.next (<anonymous>)
      at run (/home/lebadura/Documentos/GitHub/larksync-web/proyecto-cortex-grupo-1/frontend/node_modules/@babel/core/lib/transformation/index.js:22:50)
      at run.next (<anonymous>)
      at transform (/home/lebadura/Documentos/GitHub/larksync-web/proyecto-cortex-grupo-1/frontend/node_modules/@babel/core/lib/transform.js:22:33)
      at transform.next (<anonymous>)
      at step (/home/lebadura/Documentos/GitHub/larksync-web/proyecto-cortex-grupo-1/frontend/node_modules/gensync/index.js:261:32)
      at /home/lebadura/Documentos/GitHub/larksync-web/proyecto-cortex-grupo-1/frontend/node_modules/gensync/index.js:273:13
      at async.call.result.err.err (/home/lebadura/Documentos/GitHub/larksync-web/proyecto-cortex-grupo-1/frontend/node_modules/gensync/index.js:223:11)
      at /home/lebadura/Documentos/GitHub/larksync-web/proyecto-cortex-grupo-1/frontend/node_modules/gensync/index.js:189:28
      at /home/lebadura/Documentos/GitHub/larksync-web/proyecto-cortex-grupo-1/frontend/node_modules/@babel/core/lib/gensync-utils/async.js:67:7
      at /home/lebadura/Documentos/GitHub/larksync-web/proyecto-cortex-grupo-1/frontend/node_modules/gensync/index.js:113:33
      at step (/home/lebadura/Documentos/GitHub/larksync-web/proyecto-cortex-grupo-1/frontend/node_modules/gensync/index.js:287:14)
      at /home/lebadura/Documentos/GitHub/larksync-web/proyecto-cortex-grupo-1/frontend/node_modules/gensync/index.js:273:13
      at async.call.result.err.err (/home/lebadura/Documentos/GitHub/larksync-web/proyecto-cortex-grupo-1/frontend/node_modules/gensync/index.js:223:11)
12:18:46 [vite] hmr update /src/components/PresentationPage.jsx, /src/index.css
12:20:19 [vite] hmr update /src/components/PresentationPage.jsx
12:20:19 [vite] hmr update /src/App.jsx, /src/index.css
12:20:30 [vite] hmr update /src/App.jsx, /src/index.css
12:23:31 [vite] hmr update /src/App.jsx, /src/index.css
12:23:31 [vite] hmr update /src/components/PresentationPage.jsx, /src/index.css
